ca65 V2.19 - Git 8aa59e4
Main file   : smb.s
Current file: smb.s

000000r 1               ;===============================================================
000000r 1               ;		Music file for NES Sound Driver & Library
000000r 1               ;			for assembly language (ca65.exe)
000000r 1               ;===============================================================
000000r 1               
000000r 1               	.export		MARIOBGM0
000000r 1               	.export		MARIOBGM1
000000r 1               	.export		MARIOBGM2
000000r 1               	.export		MARIOSE0
000000r 1               	.export		MARIOSE1
000000r 1               	.export		MARIOSE2
000000r 1               	.export		MARIOSE3
000000r 1               
000000r 1               
000000r 1               .segment	"RODATA"
000000r 1               MARIOEnvelope0:
000000r 1  00 02 01 08  	.byte	$00 ,$02 ,$01 ,$08 ,$81 ,$00 ,$c5
000004r 1  81 00 C5     
000007r 1               MARIOEnvelope1:
000007r 1  00 02 01 08  	.byte	$00 ,$02 ,$01 ,$08 ,$07 ,$06 ,$05 ,$80 ,$04 ,$80 ,$00 ,$ca
00000Br 1  07 06 05 80  
00000Fr 1  04 80 00 CA  
000013r 1               MARIOEnvelope2:
000013r 1               MARIOSUB0:
000013r 1  3C           	.byte	$3c
000014r 1  84           	.byte	$84
000015r 1  84           	.byte	$84
000016r 1  8F           	.byte	$8f
000017r 1  84           	.byte	$84
000018r 1  8F           	.byte	$8f
000019r 1  80           	.byte	$80
00001Ar 1  84           	.byte	$84
00001Br 1  8F           	.byte	$8f
00001Cr 1  87           	.byte	$87
00001Dr 1  AF 12        	.byte	$af ,$12
00001Fr 1  AF 18        	.byte	$af ,$18
000021r 1  00           	.byte	$00
000022r 1               MARIOSUB1:
000022r 1  3C           	.byte	$3c
000023r 1  80           	.byte	$80
000024r 1  AF 0C        	.byte	$af ,$0c
000026r 1  28           	.byte	$28
000027r 1  87           	.byte	$87
000028r 1  AF 0C        	.byte	$af ,$0c
00002Ar 1  84           	.byte	$84
00002Br 1  8F           	.byte	$8f
00002Cr 1  8F           	.byte	$8f
00002Dr 1  89           	.byte	$89
00002Er 1  8F           	.byte	$8f
00002Fr 1  8B           	.byte	$8b
000030r 1  8F           	.byte	$8f
000031r 1  8A           	.byte	$8a
000032r 1  89           	.byte	$89
000033r 1  8F           	.byte	$8f
000034r 1  4A           	.byte	$4a
000035r 1  87           	.byte	$87
000036r 1  29           	.byte	$29
000037r 1  84           	.byte	$84
000038r 1  87           	.byte	$87
000039r 1  4B           	.byte	$4b
00003Ar 1  89           	.byte	$89
00003Br 1  8F           	.byte	$8f
00003Cr 1  85           	.byte	$85
00003Dr 1  87           	.byte	$87
00003Er 1  8F           	.byte	$8f
00003Fr 1  84           	.byte	$84
000040r 1  8F           	.byte	$8f
000041r 1  80           	.byte	$80
000042r 1  82           	.byte	$82
000043r 1  28           	.byte	$28
000044r 1  8B           	.byte	$8b
000045r 1  AF 0C        	.byte	$af ,$0c
000047r 1  00           	.byte	$00
000048r 1               MARIOSUB2:
000048r 1  3C           	.byte	$3c
000049r 1  AF 0C        	.byte	$af ,$0c
00004Br 1  87           	.byte	$87
00004Cr 1  86           	.byte	$86
00004Dr 1  85           	.byte	$85
00004Er 1  83           	.byte	$83
00004Fr 1  8F           	.byte	$8f
000050r 1  84           	.byte	$84
000051r 1  8F           	.byte	$8f
000052r 1  28           	.byte	$28
000053r 1  88           	.byte	$88
000054r 1  89           	.byte	$89
000055r 1  29           	.byte	$29
000056r 1  80           	.byte	$80
000057r 1  8F           	.byte	$8f
000058r 1  28           	.byte	$28
000059r 1  89           	.byte	$89
00005Ar 1  29           	.byte	$29
00005Br 1  80           	.byte	$80
00005Cr 1  82           	.byte	$82
00005Dr 1  AF 0C        	.byte	$af ,$0c
00005Fr 1  87           	.byte	$87
000060r 1  86           	.byte	$86
000061r 1  85           	.byte	$85
000062r 1  83           	.byte	$83
000063r 1  8F           	.byte	$8f
000064r 1  84           	.byte	$84
000065r 1  29           	.byte	$29
000066r 1  8F           	.byte	$8f
000067r 1  80           	.byte	$80
000068r 1  8F           	.byte	$8f
000069r 1  80           	.byte	$80
00006Ar 1  80           	.byte	$80
00006Br 1  AF 12        	.byte	$af ,$12
00006Dr 1  28           	.byte	$28
00006Er 1  AF 0C        	.byte	$af ,$0c
000070r 1  87           	.byte	$87
000071r 1  86           	.byte	$86
000072r 1  85           	.byte	$85
000073r 1  83           	.byte	$83
000074r 1  8F           	.byte	$8f
000075r 1  84           	.byte	$84
000076r 1  8F           	.byte	$8f
000077r 1  28           	.byte	$28
000078r 1  88           	.byte	$88
000079r 1  89           	.byte	$89
00007Ar 1  29           	.byte	$29
00007Br 1  80           	.byte	$80
00007Cr 1  8F           	.byte	$8f
00007Dr 1  28           	.byte	$28
00007Er 1  89           	.byte	$89
00007Fr 1  29           	.byte	$29
000080r 1  80           	.byte	$80
000081r 1  82           	.byte	$82
000082r 1  AF 0C        	.byte	$af ,$0c
000084r 1  83           	.byte	$83
000085r 1  AF 0C        	.byte	$af ,$0c
000087r 1  82           	.byte	$82
000088r 1  AF 0C        	.byte	$af ,$0c
00008Ar 1  80           	.byte	$80
00008Br 1  AF 12        	.byte	$af ,$12
00008Dr 1  AF 18        	.byte	$af ,$18
00008Fr 1  00           	.byte	$00
000090r 1               MARIOSUB3:
000090r 1  80           	.byte	$80
000091r 1  80           	.byte	$80
000092r 1  8F           	.byte	$8f
000093r 1  80           	.byte	$80
000094r 1  8F           	.byte	$8f
000095r 1  80           	.byte	$80
000096r 1  82           	.byte	$82
000097r 1  8F           	.byte	$8f
000098r 1  84           	.byte	$84
000099r 1  80           	.byte	$80
00009Ar 1  8F           	.byte	$8f
00009Br 1  28           	.byte	$28
00009Cr 1  89           	.byte	$89
00009Dr 1  87           	.byte	$87
00009Er 1  AF 12        	.byte	$af ,$12
0000A0r 1  29           	.byte	$29
0000A1r 1  80           	.byte	$80
0000A2r 1  80           	.byte	$80
0000A3r 1  8F           	.byte	$8f
0000A4r 1  80           	.byte	$80
0000A5r 1  8F           	.byte	$8f
0000A6r 1  80           	.byte	$80
0000A7r 1  82           	.byte	$82
0000A8r 1  84           	.byte	$84
0000A9r 1  AF 30        	.byte	$af ,$30
0000ABr 1  80           	.byte	$80
0000ACr 1  80           	.byte	$80
0000ADr 1  8F           	.byte	$8f
0000AEr 1  80           	.byte	$80
0000AFr 1  8F           	.byte	$8f
0000B0r 1  80           	.byte	$80
0000B1r 1  82           	.byte	$82
0000B2r 1  8F           	.byte	$8f
0000B3r 1  84           	.byte	$84
0000B4r 1  80           	.byte	$80
0000B5r 1  8F           	.byte	$8f
0000B6r 1  28           	.byte	$28
0000B7r 1  89           	.byte	$89
0000B8r 1  87           	.byte	$87
0000B9r 1  AF 12        	.byte	$af ,$12
0000BBr 1  00           	.byte	$00
0000BCr 1               MARIOSUB4:
0000BCr 1  3C           	.byte	$3c
0000BDr 1  84           	.byte	$84
0000BEr 1  80           	.byte	$80
0000BFr 1  8F           	.byte	$8f
0000C0r 1  28           	.byte	$28
0000C1r 1  87           	.byte	$87
0000C2r 1  AF 0C        	.byte	$af ,$0c
0000C4r 1  88           	.byte	$88
0000C5r 1  8F           	.byte	$8f
0000C6r 1  89           	.byte	$89
0000C7r 1  29           	.byte	$29
0000C8r 1  85           	.byte	$85
0000C9r 1  8F           	.byte	$8f
0000CAr 1  85           	.byte	$85
0000CBr 1  28           	.byte	$28
0000CCr 1  89           	.byte	$89
0000CDr 1  AF 12        	.byte	$af ,$12
0000CFr 1  4A           	.byte	$4a
0000D0r 1  8B           	.byte	$8b
0000D1r 1  29           	.byte	$29
0000D2r 1  89           	.byte	$89
0000D3r 1  89           	.byte	$89
0000D4r 1  89           	.byte	$89
0000D5r 1  87           	.byte	$87
0000D6r 1  85           	.byte	$85
0000D7r 1  4B           	.byte	$4b
0000D8r 1  84           	.byte	$84
0000D9r 1  80           	.byte	$80
0000DAr 1  8F           	.byte	$8f
0000DBr 1  28           	.byte	$28
0000DCr 1  89           	.byte	$89
0000DDr 1  87           	.byte	$87
0000DEr 1  AF 12        	.byte	$af ,$12
0000E0r 1  29           	.byte	$29
0000E1r 1  84           	.byte	$84
0000E2r 1  80           	.byte	$80
0000E3r 1  8F           	.byte	$8f
0000E4r 1  28           	.byte	$28
0000E5r 1  87           	.byte	$87
0000E6r 1  AF 0C        	.byte	$af ,$0c
0000E8r 1  88           	.byte	$88
0000E9r 1  8F           	.byte	$8f
0000EAr 1  89           	.byte	$89
0000EBr 1  29           	.byte	$29
0000ECr 1  85           	.byte	$85
0000EDr 1  8F           	.byte	$8f
0000EEr 1  85           	.byte	$85
0000EFr 1  28           	.byte	$28
0000F0r 1  89           	.byte	$89
0000F1r 1  AF 12        	.byte	$af ,$12
0000F3r 1  8B           	.byte	$8b
0000F4r 1  29           	.byte	$29
0000F5r 1  85           	.byte	$85
0000F6r 1  8F           	.byte	$8f
0000F7r 1  85           	.byte	$85
0000F8r 1  4A           	.byte	$4a
0000F9r 1  85           	.byte	$85
0000FAr 1  84           	.byte	$84
0000FBr 1  82           	.byte	$82
0000FCr 1  4B           	.byte	$4b
0000FDr 1  80           	.byte	$80
0000FEr 1  AF 12        	.byte	$af ,$12
000100r 1  AF 18        	.byte	$af ,$18
000102r 1  00           	.byte	$00
000103r 1               MARIOSUB5:
000103r 1  86           	.byte	$86
000104r 1  86           	.byte	$86
000105r 1  8F           	.byte	$8f
000106r 1  86           	.byte	$86
000107r 1  8F           	.byte	$8f
000108r 1  86           	.byte	$86
000109r 1  86           	.byte	$86
00010Ar 1  8F           	.byte	$8f
00010Br 1  8B           	.byte	$8b
00010Cr 1  AF 12        	.byte	$af ,$12
00010Er 1  87           	.byte	$87
00010Fr 1  AF 12        	.byte	$af ,$12
000111r 1  00           	.byte	$00
000112r 1               MARIOSUB6:
000112r 1  84           	.byte	$84
000113r 1  AF 0C        	.byte	$af ,$0c
000115r 1  80           	.byte	$80
000116r 1  AF 0C        	.byte	$af ,$0c
000118r 1  28           	.byte	$28
000119r 1  87           	.byte	$87
00011Ar 1  8F           	.byte	$8f
00011Br 1  29           	.byte	$29
00011Cr 1  8F           	.byte	$8f
00011Dr 1  80           	.byte	$80
00011Er 1  8F           	.byte	$8f
00011Fr 1  82           	.byte	$82
000120r 1  8F           	.byte	$8f
000121r 1  81           	.byte	$81
000122r 1  80           	.byte	$80
000123r 1  8F           	.byte	$8f
000124r 1  4A           	.byte	$4a
000125r 1  80           	.byte	$80
000126r 1  87           	.byte	$87
000127r 1  29           	.byte	$29
000128r 1  80           	.byte	$80
000129r 1  4B           	.byte	$4b
00012Ar 1  80           	.byte	$80
00012Br 1  8F           	.byte	$8f
00012Cr 1  28           	.byte	$28
00012Dr 1  89           	.byte	$89
00012Er 1  8B           	.byte	$8b
00012Fr 1  8F           	.byte	$8f
000130r 1  89           	.byte	$89
000131r 1  8F           	.byte	$8f
000132r 1  84           	.byte	$84
000133r 1  85           	.byte	$85
000134r 1  82           	.byte	$82
000135r 1  AF 0C        	.byte	$af ,$0c
000137r 1  00           	.byte	$00
000138r 1               MARIOSUB7:
000138r 1  3B           	.byte	$3b
000139r 1  AF 0C        	.byte	$af ,$0c
00013Br 1  84           	.byte	$84
00013Cr 1  83           	.byte	$83
00013Dr 1  82           	.byte	$82
00013Er 1  28           	.byte	$28
00013Fr 1  8B           	.byte	$8b
000140r 1  29           	.byte	$29
000141r 1  8F           	.byte	$8f
000142r 1  80           	.byte	$80
000143r 1  8F           	.byte	$8f
000144r 1  28           	.byte	$28
000145r 1  84           	.byte	$84
000146r 1  85           	.byte	$85
000147r 1  89           	.byte	$89
000148r 1  8F           	.byte	$8f
000149r 1  80           	.byte	$80
00014Ar 1  84           	.byte	$84
00014Br 1  85           	.byte	$85
00014Cr 1  29           	.byte	$29
00014Dr 1  AF 0C        	.byte	$af ,$0c
00014Fr 1  84           	.byte	$84
000150r 1  83           	.byte	$83
000151r 1  82           	.byte	$82
000152r 1  28           	.byte	$28
000153r 1  8B           	.byte	$8b
000154r 1  29           	.byte	$29
000155r 1  8F           	.byte	$8f
000156r 1  80           	.byte	$80
000157r 1  8F           	.byte	$8f
000158r 1  85           	.byte	$85
000159r 1  8F           	.byte	$8f
00015Ar 1  85           	.byte	$85
00015Br 1  85           	.byte	$85
00015Cr 1  AF 12        	.byte	$af ,$12
00015Er 1  AF 0C        	.byte	$af ,$0c
000160r 1  84           	.byte	$84
000161r 1  83           	.byte	$83
000162r 1  82           	.byte	$82
000163r 1  28           	.byte	$28
000164r 1  8B           	.byte	$8b
000165r 1  29           	.byte	$29
000166r 1  8F           	.byte	$8f
000167r 1  80           	.byte	$80
000168r 1  8F           	.byte	$8f
000169r 1  28           	.byte	$28
00016Ar 1  84           	.byte	$84
00016Br 1  85           	.byte	$85
00016Cr 1  89           	.byte	$89
00016Dr 1  8F           	.byte	$8f
00016Er 1  80           	.byte	$80
00016Fr 1  84           	.byte	$84
000170r 1  85           	.byte	$85
000171r 1  AF 0C        	.byte	$af ,$0c
000173r 1  88           	.byte	$88
000174r 1  AF 0C        	.byte	$af ,$0c
000176r 1  85           	.byte	$85
000177r 1  AF 0C        	.byte	$af ,$0c
000179r 1  84           	.byte	$84
00017Ar 1  AF 12        	.byte	$af ,$12
00017Cr 1  AF 18        	.byte	$af ,$18
00017Er 1  00           	.byte	$00
00017Fr 1               MARIOSUB8:
00017Fr 1  3B           	.byte	$3b
000180r 1  88           	.byte	$88
000181r 1  88           	.byte	$88
000182r 1  8F           	.byte	$8f
000183r 1  88           	.byte	$88
000184r 1  8F           	.byte	$8f
000185r 1  88           	.byte	$88
000186r 1  8A           	.byte	$8a
000187r 1  8F           	.byte	$8f
000188r 1  87           	.byte	$87
000189r 1  84           	.byte	$84
00018Ar 1  8F           	.byte	$8f
00018Br 1  84           	.byte	$84
00018Cr 1  80           	.byte	$80
00018Dr 1  AF 12        	.byte	$af ,$12
00018Fr 1  88           	.byte	$88
000190r 1  88           	.byte	$88
000191r 1  8F           	.byte	$8f
000192r 1  88           	.byte	$88
000193r 1  8F           	.byte	$8f
000194r 1  88           	.byte	$88
000195r 1  8A           	.byte	$8a
000196r 1  87           	.byte	$87
000197r 1  AF 30        	.byte	$af ,$30
000199r 1  88           	.byte	$88
00019Ar 1  88           	.byte	$88
00019Br 1  8F           	.byte	$8f
00019Cr 1  88           	.byte	$88
00019Dr 1  8F           	.byte	$8f
00019Er 1  88           	.byte	$88
00019Fr 1  8A           	.byte	$8a
0001A0r 1  8F           	.byte	$8f
0001A1r 1  87           	.byte	$87
0001A2r 1  84           	.byte	$84
0001A3r 1  8F           	.byte	$8f
0001A4r 1  84           	.byte	$84
0001A5r 1  80           	.byte	$80
0001A6r 1  AF 12        	.byte	$af ,$12
0001A8r 1  00           	.byte	$00
0001A9r 1               MARIOSUB9:
0001A9r 1  3C           	.byte	$3c
0001AAr 1  80           	.byte	$80
0001ABr 1  28           	.byte	$28
0001ACr 1  87           	.byte	$87
0001ADr 1  8F           	.byte	$8f
0001AEr 1  84           	.byte	$84
0001AFr 1  AF 0C        	.byte	$af ,$0c
0001B1r 1  84           	.byte	$84
0001B2r 1  8F           	.byte	$8f
0001B3r 1  85           	.byte	$85
0001B4r 1  29           	.byte	$29
0001B5r 1  82           	.byte	$82
0001B6r 1  8F           	.byte	$8f
0001B7r 1  82           	.byte	$82
0001B8r 1  28           	.byte	$28
0001B9r 1  85           	.byte	$85
0001BAr 1  AF 12        	.byte	$af ,$12
0001BCr 1  4A           	.byte	$4a
0001BDr 1  87           	.byte	$87
0001BEr 1  29           	.byte	$29
0001BFr 1  85           	.byte	$85
0001C0r 1  85           	.byte	$85
0001C1r 1  85           	.byte	$85
0001C2r 1  84           	.byte	$84
0001C3r 1  82           	.byte	$82
0001C4r 1  4B           	.byte	$4b
0001C5r 1  80           	.byte	$80
0001C6r 1  28           	.byte	$28
0001C7r 1  89           	.byte	$89
0001C8r 1  8F           	.byte	$8f
0001C9r 1  85           	.byte	$85
0001CAr 1  84           	.byte	$84
0001CBr 1  AF 12        	.byte	$af ,$12
0001CDr 1  29           	.byte	$29
0001CEr 1  80           	.byte	$80
0001CFr 1  28           	.byte	$28
0001D0r 1  87           	.byte	$87
0001D1r 1  8F           	.byte	$8f
0001D2r 1  84           	.byte	$84
0001D3r 1  AF 0C        	.byte	$af ,$0c
0001D5r 1  84           	.byte	$84
0001D6r 1  8F           	.byte	$8f
0001D7r 1  85           	.byte	$85
0001D8r 1  29           	.byte	$29
0001D9r 1  82           	.byte	$82
0001DAr 1  8F           	.byte	$8f
0001DBr 1  82           	.byte	$82
0001DCr 1  28           	.byte	$28
0001DDr 1  85           	.byte	$85
0001DEr 1  AF 12        	.byte	$af ,$12
0001E0r 1  87           	.byte	$87
0001E1r 1  29           	.byte	$29
0001E2r 1  82           	.byte	$82
0001E3r 1  8F           	.byte	$8f
0001E4r 1  82           	.byte	$82
0001E5r 1  4A           	.byte	$4a
0001E6r 1  82           	.byte	$82
0001E7r 1  80           	.byte	$80
0001E8r 1  28           	.byte	$28
0001E9r 1  8B           	.byte	$8b
0001EAr 1  4B           	.byte	$4b
0001EBr 1  87           	.byte	$87
0001ECr 1  84           	.byte	$84
0001EDr 1  8F           	.byte	$8f
0001EEr 1  84           	.byte	$84
0001EFr 1  80           	.byte	$80
0001F0r 1  AF 12        	.byte	$af ,$12
0001F2r 1  00           	.byte	$00
0001F3r 1               MARIOSUB10:
0001F3r 1  3B           	.byte	$3b
0001F4r 1  82           	.byte	$82
0001F5r 1  82           	.byte	$82
0001F6r 1  8F           	.byte	$8f
0001F7r 1  82           	.byte	$82
0001F8r 1  8F           	.byte	$8f
0001F9r 1  82           	.byte	$82
0001FAr 1  82           	.byte	$82
0001FBr 1  8F           	.byte	$8f
0001FCr 1  29           	.byte	$29
0001FDr 1  87           	.byte	$87
0001FEr 1  AF 12        	.byte	$af ,$12
000200r 1  28           	.byte	$28
000201r 1  87           	.byte	$87
000202r 1  AF 12        	.byte	$af ,$12
000204r 1  00           	.byte	$00
000205r 1               MARIOSUB11:
000205r 1  87           	.byte	$87
000206r 1  AF 0C        	.byte	$af ,$0c
000208r 1  84           	.byte	$84
000209r 1  AF 0C        	.byte	$af ,$0c
00020Br 1  80           	.byte	$80
00020Cr 1  8F           	.byte	$8f
00020Dr 1  8F           	.byte	$8f
00020Er 1  85           	.byte	$85
00020Fr 1  8F           	.byte	$8f
000210r 1  87           	.byte	$87
000211r 1  8F           	.byte	$8f
000212r 1  86           	.byte	$86
000213r 1  85           	.byte	$85
000214r 1  8F           	.byte	$8f
000215r 1  4A           	.byte	$4a
000216r 1  84           	.byte	$84
000217r 1  29           	.byte	$29
000218r 1  80           	.byte	$80
000219r 1  84           	.byte	$84
00021Ar 1  4B           	.byte	$4b
00021Br 1  85           	.byte	$85
00021Cr 1  8F           	.byte	$8f
00021Dr 1  82           	.byte	$82
00021Er 1  84           	.byte	$84
00021Fr 1  8F           	.byte	$8f
000220r 1  80           	.byte	$80
000221r 1  8F           	.byte	$8f
000222r 1  28           	.byte	$28
000223r 1  89           	.byte	$89
000224r 1  8B           	.byte	$8b
000225r 1  87           	.byte	$87
000226r 1  AF 0C        	.byte	$af ,$0c
000228r 1  00           	.byte	$00
000229r 1               MARIOSUB12:
000229r 1  80           	.byte	$80
00022Ar 1  AF 0C        	.byte	$af ,$0c
00022Cr 1  87           	.byte	$87
00022Dr 1  AF 0C        	.byte	$af ,$0c
00022Fr 1  29           	.byte	$29
000230r 1  80           	.byte	$80
000231r 1  8F           	.byte	$8f
000232r 1  28           	.byte	$28
000233r 1  85           	.byte	$85
000234r 1  AF 0C        	.byte	$af ,$0c
000236r 1  29           	.byte	$29
000237r 1  80           	.byte	$80
000238r 1  80           	.byte	$80
000239r 1  8F           	.byte	$8f
00023Ar 1  28           	.byte	$28
00023Br 1  85           	.byte	$85
00023Cr 1  8F           	.byte	$8f
00023Dr 1  80           	.byte	$80
00023Er 1  AF 0C        	.byte	$af ,$0c
000240r 1  84           	.byte	$84
000241r 1  AF 0C        	.byte	$af ,$0c
000243r 1  87           	.byte	$87
000244r 1  29           	.byte	$29
000245r 1  80           	.byte	$80
000246r 1  8F           	.byte	$8f
000247r 1  29           	.byte	$29
000248r 1  87           	.byte	$87
000249r 1  8F           	.byte	$8f
00024Ar 1  87           	.byte	$87
00024Br 1  87           	.byte	$87
00024Cr 1  8F           	.byte	$8f
00024Dr 1  28           	.byte	$28
00024Er 1  28           	.byte	$28
00024Fr 1  87           	.byte	$87
000250r 1  8F           	.byte	$8f
000251r 1  80           	.byte	$80
000252r 1  AF 0C        	.byte	$af ,$0c
000254r 1  87           	.byte	$87
000255r 1  AF 0C        	.byte	$af ,$0c
000257r 1  29           	.byte	$29
000258r 1  80           	.byte	$80
000259r 1  8F           	.byte	$8f
00025Ar 1  28           	.byte	$28
00025Br 1  85           	.byte	$85
00025Cr 1  AF 0C        	.byte	$af ,$0c
00025Er 1  29           	.byte	$29
00025Fr 1  80           	.byte	$80
000260r 1  80           	.byte	$80
000261r 1  8F           	.byte	$8f
000262r 1  28           	.byte	$28
000263r 1  85           	.byte	$85
000264r 1  8F           	.byte	$8f
000265r 1  80           	.byte	$80
000266r 1  8F           	.byte	$8f
000267r 1  88           	.byte	$88
000268r 1  8F           	.byte	$8f
000269r 1  8F           	.byte	$8f
00026Ar 1  8A           	.byte	$8a
00026Br 1  AF 0C        	.byte	$af ,$0c
00026Dr 1  29           	.byte	$29
00026Er 1  80           	.byte	$80
00026Fr 1  AF 0C        	.byte	$af ,$0c
000271r 1  28           	.byte	$28
000272r 1  87           	.byte	$87
000273r 1  87           	.byte	$87
000274r 1  8F           	.byte	$8f
000275r 1  80           	.byte	$80
000276r 1  8F           	.byte	$8f
000277r 1  00           	.byte	$00
000278r 1               MARIOSUB13:
000278r 1  3A           	.byte	$3a
000279r 1  88           	.byte	$88
00027Ar 1  AF 0C        	.byte	$af ,$0c
00027Cr 1  29           	.byte	$29
00027Dr 1  83           	.byte	$83
00027Er 1  AF 0C        	.byte	$af ,$0c
000280r 1  88           	.byte	$88
000281r 1  8F           	.byte	$8f
000282r 1  87           	.byte	$87
000283r 1  AF 0C        	.byte	$af ,$0c
000285r 1  80           	.byte	$80
000286r 1  AF 0C        	.byte	$af ,$0c
000288r 1  28           	.byte	$28
000289r 1  87           	.byte	$87
00028Ar 1  8F           	.byte	$8f
00028Br 1  00           	.byte	$00
00028Cr 1               MARIOSUB14:
00028Cr 1  80           	.byte	$80
00028Dr 1  8F           	.byte	$8f
00028Er 1  8F           	.byte	$8f
00028Fr 1  86           	.byte	$86
000290r 1  87           	.byte	$87
000291r 1  8F           	.byte	$8f
000292r 1  29           	.byte	$29
000293r 1  80           	.byte	$80
000294r 1  8F           	.byte	$8f
000295r 1  28           	.byte	$28
000296r 1  85           	.byte	$85
000297r 1  8F           	.byte	$8f
000298r 1  85           	.byte	$85
000299r 1  8F           	.byte	$8f
00029Ar 1  29           	.byte	$29
00029Br 1  80           	.byte	$80
00029Cr 1  80           	.byte	$80
00029Dr 1  28           	.byte	$28
00029Er 1  85           	.byte	$85
00029Fr 1  8F           	.byte	$8f
0002A0r 1  82           	.byte	$82
0002A1r 1  8F           	.byte	$8f
0002A2r 1  8F           	.byte	$8f
0002A3r 1  85           	.byte	$85
0002A4r 1  87           	.byte	$87
0002A5r 1  8F           	.byte	$8f
0002A6r 1  8B           	.byte	$8b
0002A7r 1  8F           	.byte	$8f
0002A8r 1  87           	.byte	$87
0002A9r 1  8F           	.byte	$8f
0002AAr 1  87           	.byte	$87
0002ABr 1  8F           	.byte	$8f
0002ACr 1  29           	.byte	$29
0002ADr 1  80           	.byte	$80
0002AEr 1  80           	.byte	$80
0002AFr 1  28           	.byte	$28
0002B0r 1  87           	.byte	$87
0002B1r 1  8F           	.byte	$8f
0002B2r 1  80           	.byte	$80
0002B3r 1  8F           	.byte	$8f
0002B4r 1  8F           	.byte	$8f
0002B5r 1  86           	.byte	$86
0002B6r 1  87           	.byte	$87
0002B7r 1  8F           	.byte	$8f
0002B8r 1  29           	.byte	$29
0002B9r 1  80           	.byte	$80
0002BAr 1  8F           	.byte	$8f
0002BBr 1  28           	.byte	$28
0002BCr 1  85           	.byte	$85
0002BDr 1  8F           	.byte	$8f
0002BEr 1  85           	.byte	$85
0002BFr 1  8F           	.byte	$8f
0002C0r 1  29           	.byte	$29
0002C1r 1  80           	.byte	$80
0002C2r 1  80           	.byte	$80
0002C3r 1  28           	.byte	$28
0002C4r 1  85           	.byte	$85
0002C5r 1  8F           	.byte	$8f
0002C6r 1  87           	.byte	$87
0002C7r 1  8F           	.byte	$8f
0002C8r 1  8F           	.byte	$8f
0002C9r 1  87           	.byte	$87
0002CAr 1  4A           	.byte	$4a
0002CBr 1  87           	.byte	$87
0002CCr 1  89           	.byte	$89
0002CDr 1  8B           	.byte	$8b
0002CEr 1  4B           	.byte	$4b
0002CFr 1  29           	.byte	$29
0002D0r 1  80           	.byte	$80
0002D1r 1  8F           	.byte	$8f
0002D2r 1  28           	.byte	$28
0002D3r 1  87           	.byte	$87
0002D4r 1  8F           	.byte	$8f
0002D5r 1  80           	.byte	$80
0002D6r 1  AF 12        	.byte	$af ,$12
0002D8r 1  00           	.byte	$00
0002D9r 1               MARIOSUB15:
0002D9r 1  56           	.byte	$56
0002DAr 1  2D           	.byte	$2d
0002DBr 1  A0 0C        	.byte	$a0 ,$0c
0002DDr 1  55           	.byte	$55
0002DEr 1  2D           	.byte	$2d
0002DFr 1  A0 06        	.byte	$a0 ,$06
0002E1r 1  56           	.byte	$56
0002E2r 1  2D           	.byte	$2d
0002E3r 1  A0 0C        	.byte	$a0 ,$0c
0002E5r 1  55           	.byte	$55
0002E6r 1  2D           	.byte	$2d
0002E7r 1  A0 06        	.byte	$a0 ,$06
0002E9r 1  56           	.byte	$56
0002EAr 1  2D           	.byte	$2d
0002EBr 1  A0 0C        	.byte	$a0 ,$0c
0002EDr 1  59           	.byte	$59
0002EEr 1  2D           	.byte	$2d
0002EFr 1  A0 12        	.byte	$a0 ,$12
0002F1r 1  56           	.byte	$56
0002F2r 1  2D           	.byte	$2d
0002F3r 1  A0 0C        	.byte	$a0 ,$0c
0002F5r 1  55           	.byte	$55
0002F6r 1  2D           	.byte	$2d
0002F7r 1  A0 06        	.byte	$a0 ,$06
0002F9r 1  2D           	.byte	$2d
0002FAr 1  A0 06        	.byte	$a0 ,$06
0002FCr 1  2D           	.byte	$2d
0002FDr 1  A0 06        	.byte	$a0 ,$06
0002FFr 1  00           	.byte	$00
000300r 1               MARIOSUB16:
000300r 1  3A           	.byte	$3a
000301r 1  AB 0C        	.byte	$ab ,$0c
000303r 1  3C           	.byte	$3c
000304r 1  2D           	.byte	$2d
000305r 1  A0 08        	.byte	$a0 ,$08
000307r 1  2D           	.byte	$2d
000308r 1  A0 04        	.byte	$a0 ,$04
00030Ar 1  56           	.byte	$56
00030Br 1  2D           	.byte	$2d
00030Cr 1  A0 0C        	.byte	$a0 ,$0c
00030Er 1  57           	.byte	$57
00030Fr 1  2D           	.byte	$2d
000310r 1  A0 08        	.byte	$a0 ,$08
000312r 1  53           	.byte	$53
000313r 1  2D           	.byte	$2d
000314r 1  A0 04        	.byte	$a0 ,$04
000316r 1  00           	.byte	$00
000317r 1               MARIOSUB17:
000317r 1  56           	.byte	$56
000318r 1  2D           	.byte	$2d
000319r 1  A0 0C        	.byte	$a0 ,$0c
00031Br 1  55           	.byte	$55
00031Cr 1  2D           	.byte	$2d
00031Dr 1  A0 06        	.byte	$a0 ,$06
00031Fr 1  56           	.byte	$56
000320r 1  2D           	.byte	$2d
000321r 1  A0 0C        	.byte	$a0 ,$0c
000323r 1  55           	.byte	$55
000324r 1  2D           	.byte	$2d
000325r 1  A0 06        	.byte	$a0 ,$06
000327r 1  56           	.byte	$56
000328r 1  2D           	.byte	$2d
000329r 1  A0 0C        	.byte	$a0 ,$0c
00032Br 1  59           	.byte	$59
00032Cr 1  2D           	.byte	$2d
00032Dr 1  A0 12        	.byte	$a0 ,$12
00032Fr 1  56           	.byte	$56
000330r 1  2D           	.byte	$2d
000331r 1  A0 0C        	.byte	$a0 ,$0c
000333r 1  55           	.byte	$55
000334r 1  2D           	.byte	$2d
000335r 1  A0 06        	.byte	$a0 ,$06
000337r 1  2D           	.byte	$2d
000338r 1  A0 06        	.byte	$a0 ,$06
00033Ar 1  2D           	.byte	$2d
00033Br 1  A0 06        	.byte	$a0 ,$06
00033Dr 1  00           	.byte	$00
00033Er 1               MARIOSUB18:
00033Er 1  2D           	.byte	$2d
00033Fr 1  A0 12        	.byte	$a0 ,$12
000341r 1  2D           	.byte	$2d
000342r 1  A0 06        	.byte	$a0 ,$06
000344r 1  56           	.byte	$56
000345r 1  2D           	.byte	$2d
000346r 1  A0 0C        	.byte	$a0 ,$0c
000348r 1  5B           	.byte	$5b
000349r 1  2D           	.byte	$2d
00034Ar 1  A0 0C        	.byte	$a0 ,$0c
00034Cr 1  00           	.byte	$00
00034Dr 1               MARIOBGM0:
00034Dr 1  04 00        	.byte	$04, $0
00034Fr 1  0A 00 50 00  	.word	$000a ,$0050 ,$0096 ,$00df
000353r 1  96 00 DF 00  
000357r 1  08 64        	.byte	$08 ,$64
000359r 1  4B           	.byte	$4b
00035Ar 1  1B 02        	.byte	$1b ,$02
00035Cr 1  58           	.byte	$58
00035Dr 1  16 2E        	.byte	$16 ,$2e
00035Fr 1  70           	.byte	$70
000360r 1  11 A6 FC     	.byte	$11 ,$a6 ,$fc
000363r 1  02 AF FC     	.byte	$02 ,$af ,$fc
000366r 1  03 02        	.byte	$03 ,$02
000368r 1  02 B9 FC     	.byte	$02 ,$b9 ,$fc
00036Br 1  05 FC FF     	.byte	$05 ,$fc ,$ff
00036Er 1  03 02        	.byte	$03 ,$02
000370r 1  02 D7 FC     	.byte	$02 ,$d7 ,$fc
000373r 1  05 FC FF     	.byte	$05 ,$fc ,$ff
000376r 1  02 19 FD     	.byte	$02 ,$19 ,$fd
000379r 1  02 99 FC     	.byte	$02 ,$99 ,$fc
00037Cr 1  03 02        	.byte	$03 ,$02
00037Er 1  02 A3 FC     	.byte	$02 ,$a3 ,$fc
000381r 1  05 FC FF     	.byte	$05 ,$fc ,$ff
000384r 1  03 02        	.byte	$03 ,$02
000386r 1  02 35 FD     	.byte	$02 ,$35 ,$fd
000389r 1  05 FC FF     	.byte	$05 ,$fc ,$ff
00038Cr 1  02 03 FD     	.byte	$02 ,$03 ,$fd
00038Fr 1  02 83 FC     	.byte	$02 ,$83 ,$fc
000392r 1  03 02        	.byte	$03 ,$02
000394r 1  02 27 FD     	.byte	$02 ,$27 ,$fd
000397r 1  05 FC FF     	.byte	$05 ,$fc ,$ff
00039Ar 1  01 C8 FF     	.byte	$01 ,$c8 ,$ff
00039Dr 1  08 64        	.byte	$08 ,$64
00039Fr 1  4B           	.byte	$4b
0003A0r 1  1B 02        	.byte	$1b ,$02
0003A2r 1  58           	.byte	$58
0003A3r 1  16 2E        	.byte	$16 ,$2e
0003A5r 1  70           	.byte	$70
0003A6r 1  11 60 FC     	.byte	$11 ,$60 ,$fc
0003A9r 1  02 59 FD     	.byte	$02 ,$59 ,$fd
0003ACr 1  03 02        	.byte	$03 ,$02
0003AEr 1  02 63 FD     	.byte	$02 ,$63 ,$fd
0003B1r 1  05 FC FF     	.byte	$05 ,$fc ,$ff
0003B4r 1  03 02        	.byte	$03 ,$02
0003B6r 1  02 81 FD     	.byte	$02 ,$81 ,$fd
0003B9r 1  05 FC FF     	.byte	$05 ,$fc ,$ff
0003BCr 1  02 C2 FD     	.byte	$02 ,$c2 ,$fd
0003BFr 1  02 43 FD     	.byte	$02 ,$43 ,$fd
0003C2r 1  03 02        	.byte	$03 ,$02
0003C4r 1  02 4D FD     	.byte	$02 ,$4d ,$fd
0003C7r 1  05 FC FF     	.byte	$05 ,$fc ,$ff
0003CAr 1  03 02        	.byte	$03 ,$02
0003CCr 1  02 DC FD     	.byte	$02 ,$dc ,$fd
0003CFr 1  05 FC FF     	.byte	$05 ,$fc ,$ff
0003D2r 1  02 AC FD     	.byte	$02 ,$ac ,$fd
0003D5r 1  02 2D FD     	.byte	$02 ,$2d ,$fd
0003D8r 1  03 02        	.byte	$03 ,$02
0003DAr 1  02 CE FD     	.byte	$02 ,$ce ,$fd
0003DDr 1  05 FC FF     	.byte	$05 ,$fc ,$ff
0003E0r 1  01 C8 FF     	.byte	$01 ,$c8 ,$ff
0003E3r 1  08 64        	.byte	$08 ,$64
0003E5r 1  4B           	.byte	$4b
0003E6r 1  58           	.byte	$58
0003E7r 1  70           	.byte	$70
0003E8r 1  02 0A FE     	.byte	$02 ,$0a ,$fe
0003EBr 1  03 02        	.byte	$03 ,$02
0003EDr 1  02 17 FE     	.byte	$02 ,$17 ,$fe
0003F0r 1  05 FC FF     	.byte	$05 ,$fc ,$ff
0003F3r 1  03 02        	.byte	$03 ,$02
0003F5r 1  02 33 FE     	.byte	$02 ,$33 ,$fe
0003F8r 1  05 FC FF     	.byte	$05 ,$fc ,$ff
0003FBr 1  03 03        	.byte	$03 ,$03
0003FDr 1  02 7A FE     	.byte	$02 ,$7a ,$fe
000400r 1  05 FC FF     	.byte	$05 ,$fc ,$ff
000403r 1  02 EF FD     	.byte	$02 ,$ef ,$fd
000406r 1  03 02        	.byte	$03 ,$02
000408r 1  02 FC FD     	.byte	$02 ,$fc ,$fd
00040Br 1  05 FC FF     	.byte	$05 ,$fc ,$ff
00040Er 1  03 02        	.byte	$03 ,$02
000410r 1  02 7B FE     	.byte	$02 ,$7b ,$fe
000413r 1  05 FC FF     	.byte	$05 ,$fc ,$ff
000416r 1  03 03        	.byte	$03 ,$03
000418r 1  02 5F FE     	.byte	$02 ,$5f ,$fe
00041Br 1  05 FC FF     	.byte	$05 ,$fc ,$ff
00041Er 1  02 D4 FD     	.byte	$02 ,$d4 ,$fd
000421r 1  03 02        	.byte	$03 ,$02
000423r 1  02 68 FE     	.byte	$02 ,$68 ,$fe
000426r 1  05 FC FF     	.byte	$05 ,$fc ,$ff
000429r 1  01 BE FF     	.byte	$01 ,$be ,$ff
00042Cr 1  08 64        	.byte	$08 ,$64
00042Er 1  6C           	.byte	$6c
00042Fr 1  3C           	.byte	$3c
000430r 1  4B           	.byte	$4b
000431r 1  1B 02        	.byte	$1b ,$02
000433r 1  58           	.byte	$58
000434r 1  70           	.byte	$70
000435r 1  11 CA FB     	.byte	$11 ,$ca ,$fb
000438r 1  02 A0 FE     	.byte	$02 ,$a0 ,$fe
00043Br 1  03 18        	.byte	$03 ,$18
00043Dr 1  02 C2 FE     	.byte	$02 ,$c2 ,$fe
000440r 1  05 FC FF     	.byte	$05 ,$fc ,$ff
000443r 1  03 04        	.byte	$03 ,$04
000445r 1  02 D1 FE     	.byte	$02 ,$d1 ,$fe
000448r 1  05 FC FF     	.byte	$05 ,$fc ,$ff
00044Br 1  03 08        	.byte	$03 ,$08
00044Dr 1  02 B2 FE     	.byte	$02 ,$b2 ,$fe
000450r 1  05 FC FF     	.byte	$05 ,$fc ,$ff
000453r 1  03 10        	.byte	$03 ,$10
000455r 1  02 E8 FE     	.byte	$02 ,$e8 ,$fe
000458r 1  05 FC FF     	.byte	$05 ,$fc ,$ff
00045Br 1  03 04        	.byte	$03 ,$04
00045Dr 1  02 B9 FE     	.byte	$02 ,$b9 ,$fe
000460r 1  05 FC FF     	.byte	$05 ,$fc ,$ff
000463r 1  03 10        	.byte	$03 ,$10
000465r 1  02 D8 FE     	.byte	$02 ,$d8 ,$fe
000468r 1  05 FC FF     	.byte	$05 ,$fc ,$ff
00046Br 1  01 CC FF     	.byte	$01 ,$cc ,$ff
00046Er 1               MARIOEnvelope3:
00046Er 1  00 0F 0D 0B  	.byte	$00 ,$0f ,$0d ,$0b ,$09 ,$07 ,$05 ,$03 ,$02 ,$01 ,$00 ,$ca
000472r 1  09 07 05 03  
000476r 1  02 01 00 CA  
00047Ar 1               MARIOEnvelope4:
00047Ar 1  00 0B 08 05  	.byte	$00 ,$0b ,$08 ,$05 ,$02 ,$00 ,$c5
00047Er 1  02 00 C5     
000481r 1               MARIOEnvelope5:
000481r 1  00 06 80 05  	.byte	$00 ,$06 ,$80 ,$05 ,$04 ,$80 ,$03 ,$80 ,$02 ,$01 ,$00 ,$ca
000485r 1  04 80 03 80  
000489r 1  02 01 00 CA  
00048Dr 1               MARIOEnvelope6:
00048Dr 1  00 0A 09 08  	.byte	$00 ,$0a ,$09 ,$08 ,$07 ,$06 ,$05 ,$04 ,$03 ,$02 ,$01 ,$00 ,$cb
000491r 1  07 06 05 04  
000495r 1  03 02 01 00  
00049Ar 1               MARIOSUB19:
00049Ar 1  16 94        	.byte	$16 ,$94
00049Cr 1  53           	.byte	$53
00049Dr 1  AA 04        	.byte	$aa ,$04
00049Fr 1  11 ED FF     	.byte	$11 ,$ed ,$ff
0004A2r 1  AB 04        	.byte	$ab ,$04
0004A4r 1  3C           	.byte	$3c
0004A5r 1  A0 04        	.byte	$a0 ,$04
0004A7r 1  11 D2 FF     	.byte	$11 ,$d2 ,$ff
0004AAr 1  0A 23        	.byte	$0a ,$23
0004ACr 1  A0 24        	.byte	$a0 ,$24
0004AEr 1  11 DE FF     	.byte	$11 ,$de ,$ff
0004B1r 1  3B           	.byte	$3b
0004B2r 1  5B           	.byte	$5b
0004B3r 1  A7 0C        	.byte	$a7 ,$0c
0004B5r 1  3C           	.byte	$3c
0004B6r 1  0A 17        	.byte	$0a ,$17
0004B8r 1  A2 18        	.byte	$a2 ,$18
0004BAr 1  5B           	.byte	$5b
0004BBr 1  A2 0C        	.byte	$a2 ,$0c
0004BDr 1  5F           	.byte	$5f
0004BEr 1  A2 10        	.byte	$a2 ,$10
0004C0r 1  A0 10        	.byte	$a0 ,$10
0004C2r 1  3B           	.byte	$3b
0004C3r 1  AB 10        	.byte	$ab ,$10
0004C5r 1  5B           	.byte	$5b
0004C6r 1  A7 0C        	.byte	$a7 ,$0c
0004C8r 1  0A 17        	.byte	$0a ,$17
0004CAr 1  A4 18        	.byte	$a4 ,$18
0004CCr 1  5B           	.byte	$5b
0004CDr 1  A4 0C        	.byte	$a4 ,$0c
0004CFr 1  0A 17        	.byte	$0a ,$17
0004D1r 1  A0 18        	.byte	$a0 ,$18
0004D3r 1  00           	.byte	$00
0004D4r 1               MARIOSUB20:
0004D4r 1  AF 30        	.byte	$af ,$30
0004D6r 1  11 97 FF     	.byte	$11 ,$97 ,$ff
0004D9r 1  5B           	.byte	$5b
0004DAr 1  AB 0C        	.byte	$ab ,$0c
0004DCr 1  3C           	.byte	$3c
0004DDr 1  A5 0C        	.byte	$a5 ,$0c
0004DFr 1  11 A1 FF     	.byte	$11 ,$a1 ,$ff
0004E2r 1  A5 0C        	.byte	$a5 ,$0c
0004E4r 1  11 89 FF     	.byte	$11 ,$89 ,$ff
0004E7r 1  A5 0C        	.byte	$a5 ,$0c
0004E9r 1  5F           	.byte	$5f
0004EAr 1  A5 10        	.byte	$a5 ,$10
0004ECr 1  A4 10        	.byte	$a4 ,$10
0004EEr 1  A2 10        	.byte	$a2 ,$10
0004F0r 1  0A 17        	.byte	$0a ,$17
0004F2r 1  A0 18        	.byte	$a0 ,$18
0004F4r 1  00           	.byte	$00
0004F5r 1               MARIOSUB21:
0004F5r 1  AF 30        	.byte	$af ,$30
0004F7r 1  3A           	.byte	$3a
0004F8r 1  0A 23        	.byte	$0a ,$23
0004FAr 1  A7 24        	.byte	$a7 ,$24
0004FCr 1  5B           	.byte	$5b
0004FDr 1  A7 0C        	.byte	$a7 ,$0c
0004FFr 1  5F           	.byte	$5f
000500r 1  A7 10        	.byte	$a7 ,$10
000502r 1  A9 10        	.byte	$a9 ,$10
000504r 1  AB 10        	.byte	$ab ,$10
000506r 1  3B           	.byte	$3b
000507r 1  0A 17        	.byte	$0a ,$17
000509r 1  A0 18        	.byte	$a0 ,$18
00050Br 1  3A           	.byte	$3a
00050Cr 1  A7 18        	.byte	$a7 ,$18
00050Er 1  A0 18        	.byte	$a0 ,$18
000510r 1  00           	.byte	$00
000511r 1               MARIOBGM1:
000511r 1  03 00        	.byte	$03, $0
000513r 1  08 00 16 00  	.word	$0008 ,$0016 ,$0024
000517r 1  24 00        
000519r 1  08 C8        	.byte	$08 ,$c8
00051Br 1  6C           	.byte	$6c
00051Cr 1  4B           	.byte	$4b
00051Dr 1  1B 02        	.byte	$1b ,$02
00051Fr 1  58           	.byte	$58
000520r 1  16 2E        	.byte	$16 ,$2e
000522r 1  70           	.byte	$70
000523r 1  02 76 FF     	.byte	$02 ,$76 ,$ff
000526r 1  00           	.byte	$00
000527r 1  08 C8        	.byte	$08 ,$c8
000529r 1  6C           	.byte	$6c
00052Ar 1  4B           	.byte	$4b
00052Br 1  1B 02        	.byte	$1b ,$02
00052Dr 1  58           	.byte	$58
00052Er 1  16 2E        	.byte	$16 ,$2e
000530r 1  70           	.byte	$70
000531r 1  02 A2 FF     	.byte	$02 ,$a2 ,$ff
000534r 1  00           	.byte	$00
000535r 1  08 C8        	.byte	$08 ,$c8
000537r 1  4B           	.byte	$4b
000538r 1  58           	.byte	$58
000539r 1  70           	.byte	$70
00053Ar 1  02 BA FF     	.byte	$02 ,$ba ,$ff
00053Dr 1  00           	.byte	$00
00053Er 1               MARIOEnvelope7:
00053Er 1  00 0F 0E 80  	.byte	$00 ,$0f ,$0e ,$80 ,$0d ,$80 ,$0c ,$0b ,$80 ,$0a ,$80 ,$09 ,$80 ,$08 ,$07 ,$80 ,$06 ,$80 ,$05 ,$80 ,$04 ,$03 ,$80 ,$00 ,$d7
000542r 1  0D 80 0C 0B  
000546r 1  80 0A 80 09  
000557r 1               MARIOEnvelope8:
000557r 1  00 0F 80 0E  	.byte	$00 ,$0f ,$80 ,$0e ,$80 ,$0d ,$80 ,$0f ,$80 ,$0e ,$80 ,$0d ,$80 ,$0c ,$0b ,$80 ,$0a ,$80 ,$09 ,$80 ,$08 ,$07 ,$00 ,$d6
00055Br 1  80 0D 80 0F  
00055Fr 1  80 0E 80 0D  
00056Fr 1               MARIOEnvelope9:
00056Fr 1  00 0F 80 0E  	.byte	$00 ,$0f ,$80 ,$0e ,$80 ,$0d ,$80 ,$0c ,$0b ,$80 ,$0a ,$80 ,$09 ,$80 ,$08 ,$07 ,$00 ,$d0
000573r 1  80 0D 80 0C  
000577r 1  0B 80 0A 80  
000581r 1               MARIOEnvelope10:
000581r 1  00 0F 80 0E  	.byte	$00 ,$0f ,$80 ,$0e ,$80 ,$0d ,$0c ,$80 ,$0b ,$80 ,$0a ,$80 ,$09 ,$08 ,$80 ,$07 ,$80 ,$06 ,$80 ,$05 ,$04 ,$80 ,$03 ,$80 ,$00 ,$d8
000585r 1  80 0D 0C 80  
000589r 1  0B 80 0A 80  
00059Br 1               MARIOEnvelope11:
00059Br 1  00 0F 80 0E  	.byte	$00 ,$0f ,$80 ,$0e ,$80 ,$0d ,$0c ,$0f ,$80 ,$0e ,$80 ,$0d ,$0c ,$80 ,$0b ,$80 ,$0a ,$80 ,$09 ,$08 ,$80 ,$00 ,$d5
00059Fr 1  80 0D 0C 0F  
0005A3r 1  80 0E 80 0D  
0005B2r 1               MARIOEnvelope12:
0005B2r 1  00 0F 8F 8F  	.byte	$00 ,$0f ,$8f ,$8f ,$8f ,$8f ,$8b ,$0e ,$0d ,$80 ,$0c ,$0b ,$80 ,$0a ,$09 ,$80 ,$08 ,$07 ,$80 ,$06 ,$00 ,$d4
0005B6r 1  8F 8F 8B 0E  
0005BAr 1  0D 80 0C 0B  
0005C8r 1               MARIOEnvelope13:
0005C8r 1  00 0F 82 0E  	.byte	$00 ,$0f ,$82 ,$0e ,$82 ,$0d ,$82 ,$0c ,$82 ,$0b ,$82 ,$0a ,$82 ,$09 ,$82 ,$08 ,$82 ,$07 ,$82 ,$06 ,$82 ,$05 ,$82 ,$04 ,$82 ,$03 ,$82 ,$02 ,$82 ,$01 ,$81 ,$00 ,$df
0005CCr 1  82 0D 82 0C  
0005D0r 1  82 0B 82 0A  
0005E9r 1               MARIOEnvelope14:
0005E9r 1  00 0F 82 0E  	.byte	$00 ,$0f ,$82 ,$0e ,$80 ,$0f ,$82 ,$0e ,$82 ,$0d ,$82 ,$0c ,$82 ,$0b ,$82 ,$0a ,$82 ,$09 ,$82 ,$08 ,$82 ,$07 ,$82 ,$06 ,$82 ,$05 ,$82 ,$04 ,$00 ,$dc
0005EDr 1  80 0F 82 0E  
0005F1r 1  82 0D 82 0C  
000607r 1               MARIOEnvelope15:
000607r 1  00 0F 82 0E  	.byte	$00 ,$0f ,$82 ,$0e ,$82 ,$0d ,$82 ,$0c ,$81 ,$0f ,$82 ,$0e ,$82 ,$0d ,$82 ,$0c ,$82 ,$0b ,$82 ,$0a ,$82 ,$09 ,$82 ,$08 ,$80 ,$00 ,$d9
00060Br 1  82 0D 82 0C  
00060Fr 1  81 0F 82 0E  
000622r 1               MARIOEnvelope16:
000622r 1  00 0F 8F 8F  	.byte	$00 ,$0f ,$8f ,$8f ,$8f ,$8e ,$0e ,$82 ,$0d ,$82 ,$0c ,$81 ,$0f ,$82 ,$0e ,$82 ,$0d ,$82 ,$0c ,$81 ,$00 ,$d4
000626r 1  8F 8E 0E 82  
00062Ar 1  0D 82 0C 81  
000638r 1               MARIOEnvelope17:
000638r 1  00 0F 82 0E  	.byte	$00 ,$0f ,$82 ,$0e ,$82 ,$0d ,$82 ,$0c ,$81 ,$0f ,$81 ,$00 ,$cb
00063Cr 1  82 0D 82 0C  
000640r 1  81 0F 81 00  
000645r 1               MARIOEnvelope18:
000645r 1  00 0F 82 0E  	.byte	$00 ,$0f ,$82 ,$0e ,$82 ,$0d ,$82 ,$0c ,$81 ,$0b ,$07 ,$03 ,$00 ,$cc
000649r 1  82 0D 82 0C  
00064Dr 1  81 0B 07 03  
000653r 1               MARIOEnvelope19:
000653r 1  00 0F 8F 8F  	.byte	$00 ,$0f ,$8f ,$8f ,$8f ,$8f ,$8b ,$0e ,$0d ,$80 ,$0c ,$0b ,$80 ,$0a ,$09 ,$80 ,$08 ,$07 ,$80 ,$06 ,$00 ,$d4
000657r 1  8F 8F 8B 0E  
00065Br 1  0D 80 0C 0B  
000669r 1               MARIOSUB22:
000669r 1  3B           	.byte	$3b
00066Ar 1  11 D3 FE     	.byte	$11 ,$d3 ,$fe
00066Dr 1  A9 12        	.byte	$a9 ,$12
00066Fr 1  11 E7 FE     	.byte	$11 ,$e7 ,$fe
000672r 1  A9 11        	.byte	$a9 ,$11
000674r 1  11 FA FE     	.byte	$11 ,$fa ,$fe
000677r 1  A7 0B        	.byte	$a7 ,$0b
000679r 1  A7 0C        	.byte	$a7 ,$0c
00067Br 1  A7 0B        	.byte	$a7 ,$0b
00067Dr 1  11 03 FF     	.byte	$11 ,$03 ,$ff
000680r 1  A5 0B        	.byte	$a5 ,$0b
000682r 1  A7 0C        	.byte	$a7 ,$0c
000684r 1  A9 0B        	.byte	$a9 ,$0b
000686r 1  AA 0C        	.byte	$aa ,$0c
000688r 1  A9 0B        	.byte	$a9 ,$0b
00068Ar 1  A7 0B        	.byte	$a7 ,$0b
00068Cr 1  A9 0C        	.byte	$a9 ,$0c
00068Er 1  AA 0B        	.byte	$aa ,$0b
000690r 1  3C           	.byte	$3c
000691r 1  A0 0C        	.byte	$a0 ,$0c
000693r 1  A2 0B        	.byte	$a2 ,$0b
000695r 1  A5 0B        	.byte	$a5 ,$0b
000697r 1  A2 0C        	.byte	$a2 ,$0c
000699r 1  A0 0B        	.byte	$a0 ,$0b
00069Br 1  3B           	.byte	$3b
00069Cr 1  AA 0C        	.byte	$aa ,$0c
00069Er 1  A9 0B        	.byte	$a9 ,$0b
0006A0r 1  A7 12        	.byte	$a7 ,$12
0006A2r 1  A7 10        	.byte	$a7 ,$10
0006A4r 1  A9 12        	.byte	$a9 ,$12
0006A6r 1  11 F4 FE     	.byte	$11 ,$f4 ,$fe
0006A9r 1  A9 10        	.byte	$a9 ,$10
0006ABr 1  11 D5 FE     	.byte	$11 ,$d5 ,$fe
0006AEr 1  A9 0C        	.byte	$a9 ,$0c
0006B0r 1  A5 0B        	.byte	$a5 ,$0b
0006B2r 1  A9 0C        	.byte	$a9 ,$0c
0006B4r 1  11 FD FE     	.byte	$11 ,$fd ,$fe
0006B7r 1  A7 73        	.byte	$a7 ,$73
0006B9r 1  11 0E FF     	.byte	$11 ,$0e ,$ff
0006BCr 1  3C           	.byte	$3c
0006BDr 1  A0 12        	.byte	$a0 ,$12
0006BFr 1  A0 04        	.byte	$a0 ,$04
0006C1r 1  A5 18        	.byte	$a5 ,$18
0006C3r 1  A7 18        	.byte	$a7 ,$18
0006C5r 1  A9 18        	.byte	$a9 ,$18
0006C7r 1  AA 18        	.byte	$aa ,$18
0006C9r 1  11 E8 FE     	.byte	$11 ,$e8 ,$fe
0006CCr 1  3D           	.byte	$3d
0006CDr 1  A0 18        	.byte	$a0 ,$18
0006CFr 1  A5 30        	.byte	$a5 ,$30
0006D1r 1  11 F6 FE     	.byte	$11 ,$f6 ,$fe
0006D4r 1  A4 13        	.byte	$a4 ,$13
0006D6r 1  11 12 FF     	.byte	$11 ,$12 ,$ff
0006D9r 1  A2 29        	.byte	$a2 ,$29
0006DBr 1  11 69 FF     	.byte	$11 ,$69 ,$ff
0006DEr 1  A0 18        	.byte	$a0 ,$18
0006E0r 1  11 26 FF     	.byte	$11 ,$26 ,$ff
0006E3r 1  3C           	.byte	$3c
0006E4r 1  AB 18        	.byte	$ab ,$18
0006E6r 1  11 E1 FE     	.byte	$11 ,$e1 ,$fe
0006E9r 1  3D           	.byte	$3d
0006EAr 1  A2 0C        	.byte	$a2 ,$0c
0006ECr 1  A0 18        	.byte	$a0 ,$18
0006EEr 1  3C           	.byte	$3c
0006EFr 1  A9 30        	.byte	$a9 ,$30
0006F1r 1  3B           	.byte	$3b
0006F2r 1  A9 13        	.byte	$a9 ,$13
0006F4r 1  11 F4 FE     	.byte	$11 ,$f4 ,$fe
0006F7r 1  A9 1C        	.byte	$a9 ,$1c
0006F9r 1  11 CE FE     	.byte	$11 ,$ce ,$fe
0006FCr 1  A9 18        	.byte	$a9 ,$18
0006FEr 1  AB 18        	.byte	$ab ,$18
000700r 1  3C           	.byte	$3c
000701r 1  A1 18        	.byte	$a1 ,$18
000703r 1  11 1E FF     	.byte	$11 ,$1e ,$ff
000706r 1  A2 48        	.byte	$a2 ,$48
000708r 1  11 BF FE     	.byte	$11 ,$bf ,$fe
00070Br 1  A4 0C        	.byte	$a4 ,$0c
00070Dr 1  A5 0C        	.byte	$a5 ,$0c
00070Fr 1  11 12 FF     	.byte	$11 ,$12 ,$ff
000712r 1  A7 3C        	.byte	$a7 ,$3c
000714r 1  11 F2 FE     	.byte	$11 ,$f2 ,$fe
000717r 1  A2 18        	.byte	$a2 ,$18
000719r 1  A5 24        	.byte	$a5 ,$24
00071Br 1  11 AC FE     	.byte	$11 ,$ac ,$fe
00071Er 1  A4 18        	.byte	$a4 ,$18
000720r 1  A2 18        	.byte	$a2 ,$18
000722r 1  A0 18        	.byte	$a0 ,$18
000724r 1  11 8D FE     	.byte	$11 ,$8d ,$fe
000727r 1  A9 3C        	.byte	$a9 ,$3c
000729r 1  11 9E FE     	.byte	$11 ,$9e ,$fe
00072Cr 1  AA 0C        	.byte	$aa ,$0c
00072Er 1  A9 0C        	.byte	$a9 ,$0c
000730r 1  A7 0C        	.byte	$a7 ,$0c
000732r 1  11 7F FE     	.byte	$11 ,$7f ,$fe
000735r 1  A5 30        	.byte	$a5 ,$30
000737r 1  A2 18        	.byte	$a2 ,$18
000739r 1  A5 18        	.byte	$a5 ,$18
00073Br 1  A7 3C        	.byte	$a7 ,$3c
00073Dr 1  11 8A FE     	.byte	$11 ,$8a ,$fe
000740r 1  A9 0C        	.byte	$a9 ,$0c
000742r 1  A7 0C        	.byte	$a7 ,$0c
000744r 1  11 F3 FE     	.byte	$11 ,$f3 ,$fe
000747r 1  A5 3C        	.byte	$a5 ,$3c
000749r 1  11 68 FE     	.byte	$11 ,$68 ,$fe
00074Cr 1  A4 18        	.byte	$a4 ,$18
00074Er 1  A0 18        	.byte	$a0 ,$18
000750r 1  3D           	.byte	$3d
000751r 1  A0 3C        	.byte	$a0 ,$3c
000753r 1  11 74 FE     	.byte	$11 ,$74 ,$fe
000756r 1  3C           	.byte	$3c
000757r 1  A9 0C        	.byte	$a9 ,$0c
000759r 1  AA 0C        	.byte	$aa ,$0c
00075Br 1  3D           	.byte	$3d
00075Cr 1  A0 0C        	.byte	$a0 ,$0c
00075Er 1  11 53 FE     	.byte	$11 ,$53 ,$fe
000761r 1  A2 3C        	.byte	$a2 ,$3c
000763r 1  11 64 FE     	.byte	$11 ,$64 ,$fe
000766r 1  3C           	.byte	$3c
000767r 1  A2 0C        	.byte	$a2 ,$0c
000769r 1  A4 0C        	.byte	$a4 ,$0c
00076Br 1  A5 0C        	.byte	$a5 ,$0c
00076Dr 1  11 44 FE     	.byte	$11 ,$44 ,$fe
000770r 1  AA 30        	.byte	$aa ,$30
000772r 1  A9 30        	.byte	$a9 ,$30
000774r 1  11 DE FE     	.byte	$11 ,$de ,$fe
000777r 1  A5 48        	.byte	$a5 ,$48
000779r 1  11 4E FE     	.byte	$11 ,$4e ,$fe
00077Cr 1  AF 13        	.byte	$af ,$13
00077Er 1  AF 04        	.byte	$af ,$04
000780r 1  00           	.byte	$00
000781r 1               MARIOEnvelope20:
000781r 1  00 0F 0E 80  	.byte	$00 ,$0f ,$0e ,$80 ,$0d ,$80 ,$0c ,$0b ,$80 ,$0a ,$80 ,$09 ,$80 ,$08 ,$07 ,$80 ,$06 ,$80 ,$05 ,$80 ,$04 ,$03 ,$80 ,$00 ,$d7
000785r 1  0D 80 0C 0B  
000789r 1  80 0A 80 09  
00079Ar 1               MARIOEnvelope21:
00079Ar 1  00 0F 80 0E  	.byte	$00 ,$0f ,$80 ,$0e ,$80 ,$0d ,$80 ,$0f ,$80 ,$0e ,$80 ,$0d ,$80 ,$0c ,$0b ,$80 ,$0a ,$80 ,$09 ,$80 ,$08 ,$07 ,$00 ,$d6
00079Er 1  80 0D 80 0F  
0007A2r 1  80 0E 80 0D  
0007B2r 1               MARIOEnvelope22:
0007B2r 1  00 0F 80 0E  	.byte	$00 ,$0f ,$80 ,$0e ,$80 ,$0d ,$80 ,$0c ,$0b ,$80 ,$0a ,$80 ,$09 ,$80 ,$08 ,$00 ,$cf
0007B6r 1  80 0D 80 0C  
0007BAr 1  0B 80 0A 80  
0007C3r 1               MARIOEnvelope23:
0007C3r 1  00 0F 80 0E  	.byte	$00 ,$0f ,$80 ,$0e ,$80 ,$0d ,$0c ,$80 ,$0b ,$80 ,$0a ,$80 ,$09 ,$08 ,$80 ,$07 ,$80 ,$06 ,$80 ,$05 ,$04 ,$80 ,$03 ,$80 ,$00 ,$d8
0007C7r 1  80 0D 0C 80  
0007CBr 1  0B 80 0A 80  
0007DDr 1               MARIOEnvelope24:
0007DDr 1  00 0F 80 0E  	.byte	$00 ,$0f ,$80 ,$0e ,$80 ,$0d ,$0c ,$0f ,$80 ,$0e ,$80 ,$0d ,$0c ,$80 ,$0b ,$80 ,$0a ,$80 ,$09 ,$08 ,$80 ,$00 ,$d5
0007E1r 1  80 0D 0C 0F  
0007E5r 1  80 0E 80 0D  
0007F4r 1               MARIOEnvelope25:
0007F4r 1  00 0F 8F 8F  	.byte	$00 ,$0f ,$8f ,$8f ,$8f ,$8f ,$8b ,$0e ,$0d ,$80 ,$0c ,$0b ,$80 ,$0a ,$09 ,$80 ,$08 ,$07 ,$80 ,$06 ,$00 ,$d4
0007F8r 1  8F 8F 8B 0E  
0007FCr 1  0D 80 0C 0B  
00080Ar 1               MARIOEnvelope26:
00080Ar 1  00 0F 82 0E  	.byte	$00 ,$0f ,$82 ,$0e ,$82 ,$0d ,$82 ,$0c ,$82 ,$0b ,$82 ,$0a ,$82 ,$09 ,$82 ,$08 ,$80 ,$00 ,$d1
00080Er 1  82 0D 82 0C  
000812r 1  82 0B 82 0A  
00081Dr 1               MARIOEnvelope27:
00081Dr 1  00 0F 8D 0E  	.byte	$00 ,$0f ,$8d ,$0e ,$0a ,$06 ,$02 ,$00 ,$c7
000821r 1  0A 06 02 00  
000825r 1  C7           
000826r 1               MARIOEnvelope28:
000826r 1  00 0F 82 0E  	.byte	$00 ,$0f ,$82 ,$0e ,$82 ,$0d ,$82 ,$0c ,$81 ,$0f ,$82 ,$0e ,$82 ,$0d ,$82 ,$0c ,$82 ,$0b ,$82 ,$0a ,$82 ,$09 ,$82 ,$08 ,$80 ,$00 ,$d9
00082Ar 1  82 0D 82 0C  
00082Er 1  81 0F 82 0E  
000841r 1               MARIOEnvelope29:
000841r 1  00 0F 8F 8F  	.byte	$00 ,$0f ,$8f ,$8f ,$8f ,$8e ,$0e ,$82 ,$0d ,$82 ,$0c ,$81 ,$0f ,$82 ,$0e ,$82 ,$0d ,$82 ,$0c ,$81 ,$00 ,$d4
000845r 1  8F 8E 0E 82  
000849r 1  0D 82 0C 81  
000857r 1               MARIOEnvelope30:
000857r 1  00 0F 8F 8F  	.byte	$00 ,$0f ,$8f ,$8f ,$8f ,$8f ,$8d ,$0e ,$82 ,$0d ,$82 ,$0c ,$81 ,$0f ,$82 ,$0e ,$82 ,$0d ,$82 ,$0c ,$81 ,$0f ,$82 ,$0e ,$82 ,$0d ,$82 ,$0c ,$81 ,$00 ,$dd
00085Br 1  8F 8F 8D 0E  
00085Fr 1  82 0D 82 0C  
000876r 1               MARIOEnvelope31:
000876r 1  00 0F 82 0E  	.byte	$00 ,$0f ,$82 ,$0e ,$82 ,$0d ,$82 ,$0c ,$81 ,$0f ,$82 ,$0e ,$82 ,$0d ,$82 ,$0c ,$81 ,$0f ,$82 ,$0e ,$82 ,$0d ,$82 ,$0c ,$81 ,$00 ,$d9
00087Ar 1  82 0D 82 0C  
00087Er 1  81 0F 82 0E  
000891r 1               MARIOEnvelope32:
000891r 1  00 0F 82 0E  	.byte	$00 ,$0f ,$82 ,$0e ,$82 ,$0d ,$82 ,$0c ,$81 ,$0f ,$81 ,$00 ,$cb
000895r 1  82 0D 82 0C  
000899r 1  81 0F 81 00  
00089Er 1               MARIOEnvelope33:
00089Er 1  00 0F 8F 8F  	.byte	$00 ,$0f ,$8f ,$8f ,$8f ,$8f ,$8b ,$0e ,$0d ,$80 ,$0c ,$0b ,$80 ,$0a ,$09 ,$80 ,$08 ,$07 ,$80 ,$06 ,$00 ,$d4
0008A2r 1  8F 8F 8B 0E  
0008A6r 1  0D 80 0C 0B  
0008B4r 1               MARIOSUB23:
0008B4r 1  11 CC FE     	.byte	$11 ,$cc ,$fe
0008B7r 1  A0 12        	.byte	$a0 ,$12
0008B9r 1  11 E0 FE     	.byte	$11 ,$e0 ,$fe
0008BCr 1  A5 11        	.byte	$a5 ,$11
0008BEr 1  11 F3 FE     	.byte	$11 ,$f3 ,$fe
0008C1r 1  A0 0B        	.byte	$a0 ,$0b
0008C3r 1  11 FF FE     	.byte	$11 ,$ff ,$fe
0008C6r 1  A0 0C        	.byte	$a0 ,$0c
0008C8r 1  A0 0B        	.byte	$a0 ,$0b
0008CAr 1  3A           	.byte	$3a
0008CBr 1  A9 0B        	.byte	$a9 ,$0b
0008CDr 1  3B           	.byte	$3b
0008CEr 1  A0 0C        	.byte	$a0 ,$0c
0008D0r 1  A5 0B        	.byte	$a5 ,$0b
0008D2r 1  A7 0C        	.byte	$a7 ,$0c
0008D4r 1  A5 0B        	.byte	$a5 ,$0b
0008D6r 1  A0 0B        	.byte	$a0 ,$0b
0008D8r 1  A5 0C        	.byte	$a5 ,$0c
0008DAr 1  A7 0B        	.byte	$a7 ,$0b
0008DCr 1  A9 0C        	.byte	$a9 ,$0c
0008DEr 1  AA 0B        	.byte	$aa ,$0b
0008E0r 1  3C           	.byte	$3c
0008E1r 1  A2 0B        	.byte	$a2 ,$0b
0008E3r 1  3B           	.byte	$3b
0008E4r 1  AA 0C        	.byte	$aa ,$0c
0008E6r 1  A9 0B        	.byte	$a9 ,$0b
0008E8r 1  A7 0C        	.byte	$a7 ,$0c
0008EAr 1  A5 0B        	.byte	$a5 ,$0b
0008ECr 1  A0 12        	.byte	$a0 ,$12
0008EEr 1  11 EE FE     	.byte	$11 ,$ee ,$fe
0008F1r 1  A0 10        	.byte	$a0 ,$10
0008F3r 1  11 CF FE     	.byte	$11 ,$cf ,$fe
0008F6r 1  A5 12        	.byte	$a5 ,$12
0008F8r 1  11 E4 FE     	.byte	$11 ,$e4 ,$fe
0008FBr 1  A5 10        	.byte	$a5 ,$10
0008FDr 1  11 C5 FE     	.byte	$11 ,$c5 ,$fe
000900r 1  A5 0C        	.byte	$a5 ,$0c
000902r 1  3A           	.byte	$3a
000903r 1  A9 0B        	.byte	$a9 ,$0b
000905r 1  3B           	.byte	$3b
000906r 1  A5 0C        	.byte	$a5 ,$0c
000908r 1  11 EB FE     	.byte	$11 ,$eb ,$fe
00090Br 1  A0 73        	.byte	$a0 ,$73
00090Dr 1  11 FC FE     	.byte	$11 ,$fc ,$fe
000910r 1  AA 12        	.byte	$aa ,$12
000912r 1  AA 04        	.byte	$aa ,$04
000914r 1  A9 18        	.byte	$a9 ,$18
000916r 1  3C           	.byte	$3c
000917r 1  A0 18        	.byte	$a0 ,$18
000919r 1  A5 18        	.byte	$a5 ,$18
00091Br 1  A5 18        	.byte	$a5 ,$18
00091Dr 1  11 D6 FE     	.byte	$11 ,$d6 ,$fe
000920r 1  A5 60        	.byte	$a5 ,$60
000922r 1  AA 24        	.byte	$aa ,$24
000924r 1  11 F8 FE     	.byte	$11 ,$f8 ,$fe
000927r 1  A9 18        	.byte	$a9 ,$18
000929r 1  11 FC FE     	.byte	$11 ,$fc ,$fe
00092Cr 1  A8 18        	.byte	$a8 ,$18
00092Er 1  11 DB FE     	.byte	$11 ,$db ,$fe
000931r 1  AB 0C        	.byte	$ab ,$0c
000933r 1  11 C0 FE     	.byte	$11 ,$c0 ,$fe
000936r 1  A9 18        	.byte	$a9 ,$18
000938r 1  A5 30        	.byte	$a5 ,$30
00093Ar 1  11 CF FE     	.byte	$11 ,$cf ,$fe
00093Dr 1  3A           	.byte	$3a
00093Er 1  A9 13        	.byte	$a9 ,$13
000940r 1  A9 04        	.byte	$a9 ,$04
000942r 1  3B           	.byte	$3b
000943r 1  A1 18        	.byte	$a1 ,$18
000945r 1  A1 18        	.byte	$a1 ,$18
000947r 1  A2 18        	.byte	$a2 ,$18
000949r 1  A4 18        	.byte	$a4 ,$18
00094Br 1  11 F5 FE     	.byte	$11 ,$f5 ,$fe
00094Er 1  A5 48        	.byte	$a5 ,$48
000950r 1  11 B9 FE     	.byte	$11 ,$b9 ,$fe
000953r 1  A7 0C        	.byte	$a7 ,$0c
000955r 1  A9 0C        	.byte	$a9 ,$0c
000957r 1  11 E9 FE     	.byte	$11 ,$e9 ,$fe
00095Ar 1  3C           	.byte	$3c
00095Br 1  A2 3C        	.byte	$a2 ,$3c
00095Dr 1  11 C8 FE     	.byte	$11 ,$c8 ,$fe
000960r 1  3B           	.byte	$3b
000961r 1  AB 18        	.byte	$ab ,$18
000963r 1  3C           	.byte	$3c
000964r 1  A2 24        	.byte	$a2 ,$24
000966r 1  11 A3 FE     	.byte	$11 ,$a3 ,$fe
000969r 1  A0 18        	.byte	$a0 ,$18
00096Br 1  3B           	.byte	$3b
00096Cr 1  AA 18        	.byte	$aa ,$18
00096Er 1  AA 18        	.byte	$aa ,$18
000970r 1  11 E6 FE     	.byte	$11 ,$e6 ,$fe
000973r 1  3C           	.byte	$3c
000974r 1  A1 60        	.byte	$a1 ,$60
000976r 1  11 7D FE     	.byte	$11 ,$7d ,$fe
000979r 1  A2 30        	.byte	$a2 ,$30
00097Br 1  3B           	.byte	$3b
00097Cr 1  A9 30        	.byte	$a9 ,$30
00097Er 1  3C           	.byte	$3c
00097Fr 1  A2 3C        	.byte	$a2 ,$3c
000981r 1  11 F4 FE     	.byte	$11 ,$f4 ,$fe
000984r 1  3B           	.byte	$3b
000985r 1  AB 24        	.byte	$ab ,$24
000987r 1  11 6C FE     	.byte	$11 ,$6c ,$fe
00098Ar 1  AA 60        	.byte	$aa ,$60
00098Cr 1  11 CA FE     	.byte	$11 ,$ca ,$fe
00098Fr 1  3C           	.byte	$3c
000990r 1  A6 48        	.byte	$a6 ,$48
000992r 1  11 77 FE     	.byte	$11 ,$77 ,$fe
000995r 1  A7 0C        	.byte	$a7 ,$0c
000997r 1  A9 0C        	.byte	$a9 ,$0c
000999r 1  11 5A FE     	.byte	$11 ,$5a ,$fe
00099Cr 1  AA 3C        	.byte	$aa ,$3c
00099Er 1  11 6B FE     	.byte	$11 ,$6b ,$fe
0009A1r 1  3B           	.byte	$3b
0009A2r 1  AA 0C        	.byte	$aa ,$0c
0009A4r 1  3C           	.byte	$3c
0009A5r 1  A0 0C        	.byte	$a0 ,$0c
0009A7r 1  11 E9 FE     	.byte	$11 ,$e9 ,$fe
0009AAr 1  A2 3C        	.byte	$a2 ,$3c
0009ACr 1  11 47 FE     	.byte	$11 ,$47 ,$fe
0009AFr 1  A4 30        	.byte	$a4 ,$30
0009B1r 1  11 EC FE     	.byte	$11 ,$ec ,$fe
0009B4r 1  3B           	.byte	$3b
0009B5r 1  A9 48        	.byte	$a9 ,$48
0009B7r 1  11 52 FE     	.byte	$11 ,$52 ,$fe
0009BAr 1  AF 13        	.byte	$af ,$13
0009BCr 1  AF 04        	.byte	$af ,$04
0009BEr 1  00           	.byte	$00
0009BFr 1               MARIOSUB24:
0009BFr 1  A5 0A        	.byte	$a5 ,$0a
0009C1r 1  AF EF        	.byte	$af ,$ef
0009C3r 1  AF E5        	.byte	$af ,$e5
0009C5r 1  A5 18        	.byte	$a5 ,$18
0009C7r 1  A4 18        	.byte	$a4 ,$18
0009C9r 1  A3 18        	.byte	$a3 ,$18
0009CBr 1  A2 18        	.byte	$a2 ,$18
0009CDr 1  3A           	.byte	$3a
0009CEr 1  A9 30        	.byte	$a9 ,$30
0009D0r 1  AA 30        	.byte	$aa ,$30
0009D2r 1  3B           	.byte	$3b
0009D3r 1  A5 18        	.byte	$a5 ,$18
0009D5r 1  A0 18        	.byte	$a0 ,$18
0009D7r 1  3A           	.byte	$3a
0009D8r 1  A5 18        	.byte	$a5 ,$18
0009DAr 1  3B           	.byte	$3b
0009DBr 1  A5 18        	.byte	$a5 ,$18
0009DDr 1  A5 18        	.byte	$a5 ,$18
0009DFr 1  3A           	.byte	$3a
0009E0r 1  A9 18        	.byte	$a9 ,$18
0009E2r 1  3B           	.byte	$3b
0009E3r 1  A0 18        	.byte	$a0 ,$18
0009E5r 1  A5 18        	.byte	$a5 ,$18
0009E7r 1  3A           	.byte	$3a
0009E8r 1  A9 30        	.byte	$a9 ,$30
0009EAr 1  A9 30        	.byte	$a9 ,$30
0009ECr 1  3B           	.byte	$3b
0009EDr 1  A2 18        	.byte	$a2 ,$18
0009EFr 1  3A           	.byte	$3a
0009F0r 1  A9 18        	.byte	$a9 ,$18
0009F2r 1  3B           	.byte	$3b
0009F3r 1  A5 18        	.byte	$a5 ,$18
0009F5r 1  A2 18        	.byte	$a2 ,$18
0009F7r 1  3A           	.byte	$3a
0009F8r 1  AB 18        	.byte	$ab ,$18
0009FAr 1  3B           	.byte	$3b
0009FBr 1  A2 18        	.byte	$a2 ,$18
0009FDr 1  A7 18        	.byte	$a7 ,$18
0009FFr 1  3A           	.byte	$3a
000A00r 1  A7 18        	.byte	$a7 ,$18
000A02r 1  3B           	.byte	$3b
000A03r 1  A0 30        	.byte	$a0 ,$30
000A05r 1  A0 18        	.byte	$a0 ,$18
000A07r 1  A4 18        	.byte	$a4 ,$18
000A09r 1  3A           	.byte	$3a
000A0Ar 1  A9 18        	.byte	$a9 ,$18
000A0Cr 1  3B           	.byte	$3b
000A0Dr 1  A1 18        	.byte	$a1 ,$18
000A0Fr 1  A4 18        	.byte	$a4 ,$18
000A11r 1  3A           	.byte	$3a
000A12r 1  A9 18        	.byte	$a9 ,$18
000A14r 1  3B           	.byte	$3b
000A15r 1  A2 18        	.byte	$a2 ,$18
000A17r 1  A4 18        	.byte	$a4 ,$18
000A19r 1  A5 18        	.byte	$a5 ,$18
000A1Br 1  A2 18        	.byte	$a2 ,$18
000A1Dr 1  3A           	.byte	$3a
000A1Er 1  AB 18        	.byte	$ab ,$18
000A20r 1  3B           	.byte	$3b
000A21r 1  A2 18        	.byte	$a2 ,$18
000A23r 1  A7 18        	.byte	$a7 ,$18
000A25r 1  3A           	.byte	$3a
000A26r 1  A7 18        	.byte	$a7 ,$18
000A28r 1  3B           	.byte	$3b
000A29r 1  A0 18        	.byte	$a0 ,$18
000A2Br 1  A0 18        	.byte	$a0 ,$18
000A2Dr 1  A7 18        	.byte	$a7 ,$18
000A2Fr 1  AA 18        	.byte	$aa ,$18
000A31r 1  A9 18        	.byte	$a9 ,$18
000A33r 1  A6 18        	.byte	$a6 ,$18
000A35r 1  A2 18        	.byte	$a2 ,$18
000A37r 1  3A           	.byte	$3a
000A38r 1  A9 18        	.byte	$a9 ,$18
000A3Ar 1  A7 18        	.byte	$a7 ,$18
000A3Cr 1  A9 18        	.byte	$a9 ,$18
000A3Er 1  AA 18        	.byte	$aa ,$18
000A40r 1  A7 18        	.byte	$a7 ,$18
000A42r 1  3B           	.byte	$3b
000A43r 1  A7 18        	.byte	$a7 ,$18
000A45r 1  A0 18        	.byte	$a0 ,$18
000A47r 1  AA 18        	.byte	$aa ,$18
000A49r 1  A0 18        	.byte	$a0 ,$18
000A4Br 1  A5 18        	.byte	$a5 ,$18
000A4Dr 1  A0 18        	.byte	$a0 ,$18
000A4Fr 1  A5 18        	.byte	$a5 ,$18
000A51r 1  AF 18        	.byte	$af ,$18
000A53r 1  00           	.byte	$00
000A54r 1               MARIOBGM2:
000A54r 1  03 00        	.byte	$03, $0
000A56r 1  08 00 18 00  	.word	$0008 ,$0018 ,$0028
000A5Ar 1  28 00        
000A5Cr 1  08 78        	.byte	$08 ,$78
000A5Er 1  6C           	.byte	$6c
000A5Fr 1  4B           	.byte	$4b
000A60r 1  1B 02        	.byte	$1b ,$02
000A62r 1  58           	.byte	$58
000A63r 1  16 2E        	.byte	$16 ,$2e
000A65r 1  70           	.byte	$70
000A66r 1  02 02 FC     	.byte	$02 ,$02 ,$fc
000A69r 1  01 FC FF     	.byte	$01 ,$fc ,$ff
000A6Cr 1  08 78        	.byte	$08 ,$78
000A6Er 1  6C           	.byte	$6c
000A6Fr 1  4B           	.byte	$4b
000A70r 1  1B 02        	.byte	$1b ,$02
000A72r 1  58           	.byte	$58
000A73r 1  16 2E        	.byte	$16 ,$2e
000A75r 1  70           	.byte	$70
000A76r 1  02 3D FE     	.byte	$02 ,$3d ,$fe
000A79r 1  01 FC FF     	.byte	$01 ,$fc ,$ff
000A7Cr 1  08 78        	.byte	$08 ,$78
000A7Er 1  4B           	.byte	$4b
000A7Fr 1  58           	.byte	$58
000A80r 1  70           	.byte	$70
000A81r 1  02 3D FF     	.byte	$02 ,$3d ,$ff
000A84r 1  01 FC FF     	.byte	$01 ,$fc ,$ff
000A87r 1               MARIOSE0:
000A87r 1  01 00        	.byte	$01, $0
000A89r 1  04 00        	.word	$0004
000A8Br 1  08 64        	.byte	$08 ,$64
000A8Dr 1  6C           	.byte	$6c
000A8Er 1  1B 02        	.byte	$1b ,$02
000A90r 1  16 9C        	.byte	$16 ,$9c
000A92r 1  A9 0C        	.byte	$a9 ,$0c
000A94r 1  00           	.byte	$00
000A95r 1               MARIOEnvelope100:
000A95r 1  00 01 0E 80  	.byte	$00 ,$01 ,$0e ,$80 ,$0d ,$00 ,$c5
000A99r 1  0D 00 C5     
000A9Cr 1               MARIOEnvelope101:
000A9Cr 1               MARIOEnvelope102:
000A9Cr 1  00 0F 8A 0E  	.byte	$00 ,$0f ,$8a ,$0e ,$0d ,$0c ,$0b ,$0a ,$09 ,$08 ,$07 ,$06 ,$05 ,$00 ,$cd
000AA0r 1  0D 0C 0B 0A  
000AA4r 1  09 08 07 06  
000AABr 1               MARIOSE1:
000AABr 1  01 00        	.byte	$01, $0
000AADr 1  04 00        	.word	$0004
000AAFr 1  08 96        	.byte	$08 ,$96
000AB1r 1  6C           	.byte	$6c
000AB2r 1  1B 01        	.byte	$1b ,$01
000AB4r 1  11 E0 FF     	.byte	$11 ,$e0 ,$ff
000AB7r 1  16 AF        	.byte	$16 ,$af
000AB9r 1  A9 03        	.byte	$a9 ,$03
000ABBr 1  11 E0 FF     	.byte	$11 ,$e0 ,$ff
000ABEr 1  16 BC        	.byte	$16 ,$bc
000AC0r 1  A9 1E        	.byte	$a9 ,$1e
000AC2r 1  00           	.byte	$00
000AC3r 1               MARIOEnvelope103:
000AC3r 1  00 08 81 07  	.byte	$00 ,$08 ,$81 ,$07 ,$81 ,$06 ,$80 ,$05 ,$81 ,$04 ,$81 ,$03 ,$80 ,$02 ,$81 ,$01 ,$80 ,$d0
000AC7r 1  81 06 80 05  
000ACBr 1  81 04 81 03  
000AD5r 1               MARIOSE2:
000AD5r 1  01 00        	.byte	$01, $0
000AD7r 1  04 00        	.word	$0004
000AD9r 1  70           	.byte	$70
000ADAr 1  11 E8 FF     	.byte	$11 ,$e8 ,$ff
000ADDr 1  1B 01        	.byte	$1b ,$01
000ADFr 1  16 F6        	.byte	$16 ,$f6
000AE1r 1  A9 04        	.byte	$a9 ,$04
000AE3r 1  16 AC        	.byte	$16 ,$ac
000AE5r 1  A9 16        	.byte	$a9 ,$16
000AE7r 1  00           	.byte	$00
000AE8r 1               MARIOSE3:
000AE8r 1  01 00        	.byte	$01, $0
000AEAr 1  04 00        	.word	$0004
000AECr 1  1B 02        	.byte	$1b ,$02
000AEEr 1  70           	.byte	$70
000AEFr 1  3D           	.byte	$3d
000AF0r 1  A4 05        	.byte	$a4 ,$05
000AF2r 1  3C           	.byte	$3c
000AF3r 1  2D           	.byte	$2d
000AF4r 1  A0 05        	.byte	$a0 ,$05
000AF6r 1  3D           	.byte	$3d
000AF7r 1  A4 05        	.byte	$a4 ,$05
000AF9r 1  3C           	.byte	$3c
000AFAr 1  2D           	.byte	$2d
000AFBr 1  A0 05        	.byte	$a0 ,$05
000AFDr 1  3D           	.byte	$3d
000AFEr 1  A4 05        	.byte	$a4 ,$05
000B00r 1  3C           	.byte	$3c
000B01r 1  2D           	.byte	$2d
000B02r 1  A0 14        	.byte	$a0 ,$14
000B04r 1  00           	.byte	$00
000B04r 1               
